#
# There is insufficient memory for the Java Runtime Environment to continue.
# Native memory allocation (mmap) failed to map 65011712 bytes. Error detail: G1 virtual space
# Possible reasons:
#   The system is out of physical RAM or swap space
#   This process is running with CompressedOops enabled, and the Java Heap may be blocking the growth of the native heap
# Possible solutions:
#   Reduce memory load on the system
#   Increase physical memory or swap space
#   Check if swap backing store is full
#   Decrease Java heap size (-Xmx/-Xms)
#   Decrease number of Java threads
#   Decrease Java thread stack sizes (-Xss)
#   Set larger code cache with -XX:ReservedCodeCacheSize=
#   JVM is running with Unscaled Compressed Oops mode in which the Java heap is
#     placed in the first 4GB address space. The Java Heap base address is the
#     maximum limit for the native heap growth. Please use -XX:HeapBaseMinAddress
#     to set the Java Heap base and to place the Java Heap above 4GB virtual address.
# This output file may be truncated or incomplete.
#
#  Out of Memory Error (os_windows.cpp:3703), pid=4460, tid=26116
#
# JRE version:  (23.0.1+11) (build )
# Java VM: Java HotSpot(TM) 64-Bit Server VM (23.0.1+11-39, mixed mode, sharing, tiered, compressed oops, compressed class ptrs, g1 gc, windows-amd64)
# No core dump will be written. Minidumps are not enabled by default on client versions of Windows
#

---------------  S U M M A R Y ------------

Command Line: -Dfile.encoding=UTF-8 --add-modules=ALL-DEFAULT jdk.compiler/com.sun.tools.javac.launcher.SourceLauncher D:\TB_PBO\src\BPJSSystem.java

Host: Intel(R) Celeron(R) N4020 CPU @ 1.10GHz, 2 cores, 3G,  Windows 11 , 64 bit Build 22621 (10.0.22621.4391)
Time: Mon Dec 23 02:13:00 2024 SE Asia Standard Time elapsed time: 0.033554 seconds (0d 0h 0m 0s)

---------------  T H R E A D  ---------------

Current thread (0x000002591d7f1530):  JavaThread "Unknown thread" [_thread_in_vm, id=26116, stack(0x0000009e40200000,0x0000009e40300000) (1024K)]

Stack: [0x0000009e40200000,0x0000009e40300000]
Native frames: (J=compiled Java code, j=interpreted, Vv=VM code, C=native code)
V  [jvm.dll+0x6e08b9]  (no source info available)
V  [jvm.dll+0x87dc83]  (no source info available)
V  [jvm.dll+0x88010e]  (no source info available)
V  [jvm.dll+0x8807e3]  (no source info available)
V  [jvm.dll+0x27aee6]  (no source info available)
V  [jvm.dll+0x6dd1c5]  (no source info available)
V  [jvm.dll+0x6d104a]  (no source info available)
V  [jvm.dll+0x35b3ea]  (no source info available)
V  [jvm.dll+0x3637f6]  (no source info available)
V  [jvm.dll+0x34fd5e]  (no source info available)
V  [jvm.dll+0x34fff8]  (no source info available)
V  [jvm.dll+0x3289cc]  (no source info available)
V  [jvm.dll+0x32966e]  (no source info available)
V  [jvm.dll+0x844355]  (no source info available)
V  [jvm.dll+0x3b9848]  (no source info available)
V  [jvm.dll+0x82d14c]  (no source info available)
V  [jvm.dll+0x454d4e]  (no source info available)
V  [jvm.dll+0x456bd1]  (no source info available)
C  [jli.dll+0x52a3]  (no source info available)
C  [ucrtbase.dll+0x29333]  (no source info available)
C  [KERNEL32.DLL+0x1259d]  (no source info available)
C  [ntdll.dll+0x5af38]  (no source info available)

Lock stack of current Java thread (top to bottom):


---------------  P R O C E S S  ---------------

Threads class SMR info:
_java_thread_list=0x00007ffb0a793618, length=0, elements={
}

Java Threads: ( => current thread )
Total: 0

Other Threads:
  0x000002591d822b60 WorkerThread "GC Thread#0"                     [id=14884, stack(0x0000009e40300000,0x0000009e40400000) (1024K)]
  0x000002591d82d4d0 ConcurrentGCThread "G1 Main Marker"            [id=12040, stack(0x0000009e40400000,0x0000009e40500000) (1024K)]
  0x000002591d82dfe0 WorkerThread "G1 Conc#0"                       [id=25224, stack(0x0000009e40500000,0x0000009e40600000) (1024K)]

[error occurred during error reporting (printing all threads), id 0xc0000005, EXCEPTION_ACCESS_VIOLATION (0xc0000005) at pc=0x00007ffb09edbfba]
VM state: not at safepoint (not fully initialized)

VM Mutex/Monitor currently owned by a thread:  ([mutex/lock_event])
[0x00007ffb0a813a10] Heap_lock - owner thread: 0x000002591d7f1530

Heap address: 0x00000000c2c00000, size: 980 MB, Compressed Oops mode: 32-bit

CDS archive(s) mapped at: [0x0000000000000000-0x0000000000000000-0x0000000000000000), size 0, SharedBaseAddress: 0x0000000800000000, ArchiveRelocationMode: 1.
Narrow klass base: 0x0000000000000000, Narrow klass shift: 0, Narrow klass range: 0x0

GC Precious Log:
 CardTable entry size: 512
 Card Set container configuration: InlinePtr #cards 5 size 8 Array Of Cards #cards 10 size 36 Howl #buckets 4 coarsen threshold 1843 Howl Bitmap #cards 512 size 80 coarsen threshold 460 Card regions per heap region 1 cards per card region 2048

Heap:
 garbage-first heap   total reserved 1003520K, committed 0K, used 0K [0x00000000c2c00000, 0x0000000100000000)
  region size 1024K, 0 young (0K), 0 survivors (0K)

[error occurred during error reporting (printing heap information), id 0xc0000005, EXCEPTION_ACCESS_VIOLATION (0xc0000005) at pc=0x00007ffb0a2dc3c9]
GC Heap History (0 events):
No events

Dll operation events (1 events):
Event: 0.020 Loaded shared library C:\Users\olivi\.vscode\jdk-23.0.1\bin\java.dll

Deoptimization events (0 events):
No events

Classes loaded (0 events):
No events

Classes unloaded (0 events):
No events

Classes redefined (0 events):
No events

Internal exceptions (0 events):
No events

VM Operations (0 events):
No events

Memory protections (0 events):
No events

Nmethod flushes (0 events):
No events

Events (0 events):
No events


Dynamic libraries:
0x00007ff72f3c0000 - 0x00007ff72f3d0000 	C:\Users\olivi\.vscode\jdk-23.0.1\bin\java.exe
0x00007ffbc3cd0000 - 0x00007ffbc3ee7000 	C:\WINDOWS\SYSTEM32\ntdll.dll
0x00007ffbc24c0000 - 0x00007ffbc2584000 	C:\WINDOWS\System32\KERNEL32.DLL
0x00007ffbc1430000 - 0x00007ffbc17ea000 	C:\WINDOWS\System32\KERNELBASE.dll
0x00007ffbbd100000 - 0x00007ffbbd197000 	C:\WINDOWS\SYSTEM32\apphelp.dll
0x00007ffbc1190000 - 0x00007ffbc12a1000 	C:\WINDOWS\System32\ucrtbase.dll
0x00007ffb9c5f0000 - 0x00007ffb9c607000 	C:\Users\olivi\.vscode\jdk-23.0.1\bin\jli.dll
0x00007ffbc28e0000 - 0x00007ffbc2a8e000 	C:\WINDOWS\System32\USER32.dll
0x00007ffbc1400000 - 0x00007ffbc1426000 	C:\WINDOWS\System32\win32u.dll
0x00007ffbc25a0000 - 0x00007ffbc25c9000 	C:\WINDOWS\System32\GDI32.dll
0x00007ffbc12e0000 - 0x00007ffbc13fb000 	C:\WINDOWS\System32\gdi32full.dll
0x00007ffbc17f0000 - 0x00007ffbc188a000 	C:\WINDOWS\System32\msvcp_win.dll
0x00007ffba9bc0000 - 0x00007ffba9bdb000 	C:\Users\olivi\.vscode\jdk-23.0.1\bin\VCRUNTIME140.dll
0x00007ffbae780000 - 0x00007ffbaea12000 	C:\WINDOWS\WinSxS\amd64_microsoft.windows.common-controls_6595b64144ccf1df_6.0.22621.4541_none_2710d1c57384c085\COMCTL32.dll
0x00007ffbc2a90000 - 0x00007ffbc2b37000 	C:\WINDOWS\System32\msvcrt.dll
0x00007ffbc25d0000 - 0x00007ffbc2601000 	C:\WINDOWS\System32\IMM32.DLL
0x00007ffba9d40000 - 0x00007ffba9d4c000 	C:\Users\olivi\.vscode\jdk-23.0.1\bin\vcruntime140_1.dll
0x00007ffb930b0000 - 0x00007ffb9313e000 	C:\Users\olivi\.vscode\jdk-23.0.1\bin\msvcp140.dll
0x00007ffb09ba0000 - 0x00007ffb0a8ef000 	C:\Users\olivi\.vscode\jdk-23.0.1\bin\server\jvm.dll
0x00007ffbc3200000 - 0x00007ffbc32b2000 	C:\WINDOWS\System32\ADVAPI32.dll
0x00007ffbc3be0000 - 0x00007ffbc3c87000 	C:\WINDOWS\System32\sechost.dll
0x00007ffbc12b0000 - 0x00007ffbc12d8000 	C:\WINDOWS\System32\bcrypt.dll
0x00007ffbc2610000 - 0x00007ffbc2724000 	C:\WINDOWS\System32\RPCRT4.dll
0x00007ffbc3b60000 - 0x00007ffbc3bd1000 	C:\WINDOWS\System32\WS2_32.dll
0x00007ffbc0e70000 - 0x00007ffbc0ebd000 	C:\WINDOWS\SYSTEM32\POWRPROF.dll
0x00007ffbaee50000 - 0x00007ffbaee5a000 	C:\WINDOWS\SYSTEM32\VERSION.dll
0x00007ffbb8c00000 - 0x00007ffbb8c34000 	C:\WINDOWS\SYSTEM32\WINMM.dll
0x00007ffbc0ca0000 - 0x00007ffbc0cb3000 	C:\WINDOWS\SYSTEM32\UMPDC.dll
0x00007ffbbffe0000 - 0x00007ffbbfff8000 	C:\WINDOWS\SYSTEM32\kernel.appcore.dll
0x00007ffba8600000 - 0x00007ffba860a000 	C:\Users\olivi\.vscode\jdk-23.0.1\bin\jimage.dll
0x00007ffbbe940000 - 0x00007ffbbeb72000 	C:\WINDOWS\SYSTEM32\DBGHELP.DLL
0x00007ffbc2b40000 - 0x00007ffbc2ecf000 	C:\WINDOWS\System32\combase.dll
0x00007ffbc3100000 - 0x00007ffbc31d7000 	C:\WINDOWS\System32\OLEAUT32.dll
0x00007ffba3b20000 - 0x00007ffba3b52000 	C:\WINDOWS\SYSTEM32\dbgcore.DLL
0x00007ffbc1110000 - 0x00007ffbc118b000 	C:\WINDOWS\System32\bcryptPrimitives.dll
0x00007ffb9c020000 - 0x00007ffb9c03e000 	C:\Users\olivi\.vscode\jdk-23.0.1\bin\java.dll
0x00007ffbc2730000 - 0x00007ffbc28d5000 	C:\WINDOWS\System32\ole32.dll
0x00007ffbc19d0000 - 0x00007ffbc2248000 	C:\WINDOWS\System32\SHELL32.dll

dbghelp: loaded successfully - version: 4.0.5 - missing functions: none
symbol engine: initialized successfully - sym options: 0x614 - pdb path: .;C:\Users\olivi\.vscode\jdk-23.0.1\bin;C:\WINDOWS\SYSTEM32;C:\WINDOWS\WinSxS\amd64_microsoft.windows.common-controls_6595b64144ccf1df_6.0.22621.4541_none_2710d1c57384c085;C:\Users\olivi\.vscode\jdk-23.0.1\bin\server

VM Arguments:
jvm_args: -Dfile.encoding=UTF-8 --add-modules=ALL-DEFAULT 
java_command: jdk.compiler/com.sun.tools.javac.launcher.SourceLauncher D:\TB_PBO\src\BPJSSystem.java
java_class_path (initial): .
Launcher Type: SUN_STANDARD

[Global flags]
     intx CICompilerCount                          = 2                                         {product} {ergonomic}
     uint ConcGCThreads                            = 1                                         {product} {ergonomic}
     uint G1ConcRefinementThreads                  = 2                                         {product} {ergonomic}
   size_t G1HeapRegionSize                         = 1048576                                   {product} {ergonomic}
   size_t InitialHeapSize                          = 65011712                                  {product} {ergonomic}
   size_t MarkStackSize                            = 4194304                                   {product} {ergonomic}
   size_t MarkStackSizeMax                         = 536870912                                 {product} {ergonomic}
   size_t MaxHeapSize                              = 1027604480                                {product} {ergonomic}
   size_t MinHeapDeltaBytes                        = 1048576                                   {product} {ergonomic}
   size_t MinHeapSize                              = 8388608                                   {product} {ergonomic}
    uintx NonNMethodCodeHeapSize                   = 5767168                                {pd product} {ergonomic}
    uintx NonProfiledCodeHeapSize                  = 123011072                              {pd product} {ergonomic}
    uintx ProfiledCodeHeapSize                     = 122880000                              {pd product} {ergonomic}
    uintx ReservedCodeCacheSize                    = 251658240                              {pd product} {ergonomic}
     bool SegmentedCodeCache                       = true                                      {product} {ergonomic}
   size_t SoftMaxHeapSize                          = 1027604480                             {manageable} {ergonomic}
     bool UseCompressedOops                        = true                           {product lp64_product} {ergonomic}
     bool UseG1GC                                  = true                                      {product} {ergonomic}
     bool UseLargePagesIndividualAllocation        = false                                  {pd product} {ergonomic}

Logging:
Log output configuration:
 #0: stdout all=warning uptime,level,tags foldmultilines=false
 #1: stderr all=off uptime,level,tags foldmultilines=false

Environment Variables:
JAVA_HOME=C:\\Users\\olivi\\.vscode\\jdk-23.0.1
PATH=C:\Program Files (x86)\Common Files\Oracle\Java\java8path;C:\Program Files (x86)\Common Files\Oracle\Java\javapath;C:\Program Files\Eclipse Adoptium\jdk-21.0.4.7-hotspot\bin;C:\Program Files\Eclipse Adoptium\jdk-17.0.12.7-hotspot\bin;C:\WINDOWS\system32;C:\WINDOWS;C:\WINDOWS\System32\Wbem;C:\WINDOWS\System32\WindowsPowerShell\v1.0\;C:\WINDOWS\System32\OpenSSH\;C:\Program Files\Git\cmd;C:\composer;"C:\composer;";C:\Users\olivi\AppData\Local\Microsoft\WindowsApps;C:\Users\olivi\AppData\Local\Programs\Microsoft VS Code\bin;C:\xampp\php;C:\Users\olivi\AppData\Roaming\Composer\vendor\bin;
USERNAME=olivi
OS=Windows_NT
PROCESSOR_IDENTIFIER=Intel64 Family 6 Model 122 Stepping 8, GenuineIntel
TMP=C:\Users\olivi\AppData\Local\Temp
TEMP=C:\Users\olivi\AppData\Local\Temp




Periodic native trim disabled

---------------  S Y S T E M  ---------------

OS:
 Windows 11 , 64 bit Build 22621 (10.0.22621.4391)
OS uptime: 2 days 0:29 hours

CPU: total 2 (initial active 2) (2 cores per cpu, 1 threads per core) family 6 model 122 stepping 8 microcode 0x18, cx8, cmov, fxsr, mmx, 3dnowpref, sse, sse2, sse3, ssse3, sse4.1, sse4.2, popcnt, tsc, tscinvbit, aes, erms, clmul, sha, clflush, clflushopt, rdtscp, rdpid
Processor Information for the first 2 processors :
  Max Mhz: 1101, Current Mhz: 1101, Mhz Limit: 1101

Memory: 4k page, system-wide physical 3918M (248M free)
TotalPageFile size 15693M (AvailPageFile size 41M)
current process WorkingSet (physical memory assigned to process): 12M, peak: 12M
current process commit charge ("private bytes"): 48M, peak: 109M

vm_info: Java HotSpot(TM) 64-Bit Server VM (23.0.1+11-39) for windows-amd64 JRE (23.0.1+11-39), built on 2024-09-30T07:20:43Z with MS VC++ 17.6 (VS2022)

END.
